2024/10/22 12:31:32 Chitty-Chat server is running on port 50051...
2024/10/22 12:32:13 Participant yous joined at Lamport time 1
2024/10/22 12:32:14 Participant dennis joined at Lamport time 3
2024/10/22 12:36:33 Chitty-Chat server is running on port 50051...
2024/10/22 12:36:42 Participant yous joined at Lamport time 1
2024/10/22 12:36:43 Participant dennis joined at Lamport time 3
2024/10/22 12:46:10 Chitty-Chat server is running on port 50051...
2024/10/22 12:46:33 Participant yous joined at Lamport time 1
2024/10/22 13:00:21 Chitty-Chat server is running on port 50051...
2024/10/22 13:00:24 Participant yous joined at Lamport time 1
2024/10/22 13:00:32 Participant dennis joined at Lamport time 3
2024/10/22 13:03:46 Chitty-Chat server is running on port 50051...
2024/10/22 13:03:55 Participant yous joined at Lamport time 1
2024/10/22 13:03:59 Received message from yous: kk
2024/10/22 13:04:09 Participant dennis joined at Lamport time 4
2024/10/22 13:04:21 Received message from dennis: l
2024/10/22 13:04:56 Received message from yous: k
2024/10/22 13:20:19 Chitty-Chat server is running on port 50051...
2024/10/22 13:20:28 Participant yous joined at Lamport time 1
2024/10/22 13:20:33 Participant dennis joined at Lamport time 3
2024/10/22 13:20:34 Received message at Lamport time 5 from dennis f
2024/10/22 13:24:12 Chitty-Chat server is running on port 50051...
2024/10/22 13:25:32 Participant yous joined at Lamport time 1
2024/10/22 13:25:35 Received message at Lamport time 3 from yous l
